<?xml version="1.0" encoding="UTF-8"?>
<!-- Generated by org.testng.reporters.JUnitXMLReporter -->
<testsuite ignored="0" hostname="Abduls-MBP" failures="0" tests="1" name="UIKitCatalog" time="0.027" errors="0" timestamp="2025-02-24T16:56:25 EST">
  <testcase classname="org.abdul.TestUtils.IOSAppSetup" name="@BeforeMethod LoadApp" time="0.007">
    <failure type="java.io.FileNotFoundException" message="/Users/abdulsajeedmohammed/eclipse-workspace/Appium/src/main/java/org/rahulshettyacademy/resources/data.properties (No such file or directory)">
      <![CDATA[java.io.FileNotFoundException: /Users/abdulsajeedmohammed/eclipse-workspace/Appium/src/main/java/org/rahulshettyacademy/resources/data.properties (No such file or directory)
at java.base/java.io.FileInputStream.open0(Native Method)
at java.base/java.io.FileInputStream.open(FileInputStream.java:219)
at java.base/java.io.FileInputStream.<init>(FileInputStream.java:157)
at java.base/java.io.FileInputStream.<init>(FileInputStream.java:112)
at org.abdul.utils.AppiumUtils.startAppiumServer(AppiumUtils.java:43)
at org.abdul.TestUtils.IOSAppSetup.LoadApp(IOSAppSetup.java:25)
at java.base/java.util.ArrayList.forEach(ArrayList.java:1541)
... Removed 31 stack frames]]>
    </failure>
  </testcase> <!-- @BeforeMethod LoadApp -->
  <testcase classname="org.abdul.TestUtils.IOSAppSetup" name="@AfterMethod tearDown" time="0.0">
    <skipped/>
  </testcase> <!-- @AfterMethod tearDown -->
  <testcase classname="org.abdul.tests.IOSTestCase3" name="openUIKitCatalog" time="0.0">
    <skipped/>
  </testcase> <!-- openUIKitCatalog -->
</testsuite> <!-- UIKitCatalog -->
