<?xml version="1.0" encoding="UTF-8"?>
<testng-results ignored="0" total="1" passed="1" failed="0" skipped="0">
  <reporter-output>
  </reporter-output>
  <suite started-at="2025-02-25T02:02:43 EST" name="Suite" finished-at="2025-02-25T02:02:51 EST" duration-ms="7413">
    <groups>
    </groups>
    <test started-at="2025-02-25T02:02:43 EST" name="MobileAutomation" finished-at="2025-02-25T02:02:51 EST" duration-ms="7413">
      <class name="org.abdul.tests.IOSTestCase3">
        <test-method is-config="true" signature="LoadApp()[pri:0, instance:org.abdul.tests.IOSTestCase3@598bd2ba]" started-at="2025-02-25T02:02:43 EST" name="LoadApp" finished-at="2025-02-25T02:02:48 EST" duration-ms="4901" status="PASS">
          <reporter-output>
          </reporter-output>
        </test-method> <!-- LoadApp -->
        <test-method signature="openUIKitCatalog()[pri:0, instance:org.abdul.tests.IOSTestCase3@598bd2ba]" started-at="2025-02-25T02:02:48 EST" name="openUIKitCatalog" finished-at="2025-02-25T02:02:50 EST" duration-ms="1426" status="PASS">
          <reporter-output>
          </reporter-output>
        </test-method> <!-- openUIKitCatalog -->
        <test-method is-config="true" signature="tearDown()[pri:0, instance:org.abdul.tests.IOSTestCase3@598bd2ba]" started-at="2025-02-25T02:02:50 EST" name="tearDown" finished-at="2025-02-25T02:02:51 EST" duration-ms="1062" status="PASS">
          <reporter-output>
          </reporter-output>
        </test-method> <!-- tearDown -->
      </class> <!-- org.abdul.tests.IOSTestCase3 -->
    </test> <!-- MobileAutomation -->
  </suite> <!-- Suite -->
</testng-results>
