<?xml version="1.0" encoding="UTF-8"?>
<testng-results ignored="0" total="1" passed="1" failed="0" skipped="0">
  <reporter-output>
  </reporter-output>
  <suite started-at="2025-02-24T21:39:05 EST" name="Suite" finished-at="2025-02-24T21:39:14 EST" duration-ms="8383">
    <groups>
    </groups>
    <test started-at="2025-02-24T21:39:05 EST" name="MobileAutomation" finished-at="2025-02-24T21:39:14 EST" duration-ms="8383">
      <class name="org.abdul.tests.IOSTestCase3">
        <test-method is-config="true" signature="LoadApp()[pri:0, instance:org.abdul.tests.IOSTestCase3@294a6b8e]" started-at="2025-02-24T21:39:05 EST" name="LoadApp" finished-at="2025-02-24T21:39:11 EST" duration-ms="5912" status="PASS">
          <reporter-output>
          </reporter-output>
        </test-method> <!-- LoadApp -->
        <test-method signature="openUIKitCatalog()[pri:0, instance:org.abdul.tests.IOSTestCase3@294a6b8e]" started-at="2025-02-24T21:39:11 EST" name="openUIKitCatalog" finished-at="2025-02-24T21:39:12 EST" duration-ms="1358" status="PASS">
          <reporter-output>
          </reporter-output>
        </test-method> <!-- openUIKitCatalog -->
        <test-method is-config="true" signature="tearDown()[pri:0, instance:org.abdul.tests.IOSTestCase3@294a6b8e]" started-at="2025-02-24T21:39:12 EST" name="tearDown" finished-at="2025-02-24T21:39:14 EST" duration-ms="1090" status="PASS">
          <reporter-output>
          </reporter-output>
        </test-method> <!-- tearDown -->
      </class> <!-- org.abdul.tests.IOSTestCase3 -->
    </test> <!-- MobileAutomation -->
  </suite> <!-- Suite -->
</testng-results>
